<?xml version='1.0' encoding='UTF-8'?>
<testsuite hostname="XPS-13" name="spinlock.SpinlockTest" tests="2" errors="0" failures="0" skipped="0" time="0.039" timestamp="2019-11-21T05:28:16">
                     <properties>
[...]
</properties>
                     <testcase classname="spinlock.SpinlockTest" name="Should return the name of the current thread" time="0.014">
                                                 
                                               </testcase><testcase classname="spinlock.SpinlockTest" name="should lead to deadlock" time="0.025">
                                                 
                                               </testcase>
                     <system-out><![CDATA[]]></system-out>
                     <system-err><![CDATA[]]></system-err>
                   </testsuite>